<?xml version="1.0" encoding="UTF-8"?>
<!-- Generated by org.testng.reporters.JUnitReportReporter -->
<testsuite hostname="LAPTOP-RH55RME4" failures="0" tests="1" name="MySql_demo.demo" time="22.482" errors="0" timestamp="2023-10-12T10:22:17 IST" skipped="0">
  <testcase classname="MySql_demo.demo" name="opencart" time="22.482"/>
</testsuite> <!-- MySql_demo.demo -->
