<?xml version="1.0" encoding="UTF-8"?>
<!-- Generated by org.testng.reporters.JUnitReportReporter -->
<testsuite hostname="LAPTOP-RH55RME4" failures="0" tests="1" name="MySql_demo.opencartdemo" time="5.623" errors="0" timestamp="2023-10-13T19:30:36 IST" skipped="0">
  <testcase classname="MySql_demo.opencartdemo" name="opencart" time="5.623"/>
</testsuite> <!-- MySql_demo.opencartdemo -->
